2018-06-12 14:55:30.676  INFO 8904 --- [restartedMain] i.n.a.realspring.RealspringApplication   : Starting RealspringApplication on DESKTOP-IOJ9II2 with PID 8904 (C:\Academy3\Pr046-realspring\target\classes started by Rivolta Fabio in C:\Academy3\Pr046-realspring)
2018-06-12 14:55:30.676 DEBUG 8904 --- [restartedMain] i.n.a.realspring.RealspringApplication   : Running with Spring Boot v1.5.13.RELEASE, Spring v4.3.17.RELEASE
2018-06-12 14:55:30.676  INFO 8904 --- [restartedMain] i.n.a.realspring.RealspringApplication   : No active profile set, falling back to default profiles: default
2018-06-12 14:55:32.657  INFO 8904 --- [restartedMain] o.apache.catalina.core.StandardService   : Starting service [Tomcat]
2018-06-12 14:55:32.666  INFO 8904 --- [restartedMain] org.apache.catalina.core.StandardEngine  : Starting Servlet Engine: Apache Tomcat/8.5.31
2018-06-12 14:55:32.796  INFO 8904 --- [localhost-startStop-1] o.a.c.c.C.[Tomcat].[localhost].[/]       : Initializing Spring embedded WebApplicationContext
2018-06-12 14:55:34.149  INFO 8904 --- [restartedMain] i.n.a.realspring.RealspringApplication   : Started RealspringApplication in 3.603 seconds (JVM running for 6990.937)
2018-06-12 14:55:34.816  INFO 1184 --- [restartedMain] i.n.a.realspring.RealspringApplication   : Starting RealspringApplication on DESKTOP-IOJ9II2 with PID 1184 (C:\Academy3\Pr046-realspring\target\classes started by Rivolta Fabio in C:\Academy3\Pr046-realspring)
2018-06-12 14:55:34.817 DEBUG 1184 --- [restartedMain] i.n.a.realspring.RealspringApplication   : Running with Spring Boot v1.5.13.RELEASE, Spring v4.3.17.RELEASE
2018-06-12 14:55:34.817  INFO 1184 --- [restartedMain] i.n.a.realspring.RealspringApplication   : No active profile set, falling back to default profiles: default
2018-06-12 14:55:37.361  INFO 1184 --- [restartedMain] o.apache.catalina.core.StandardService   : Starting service [Tomcat]
2018-06-12 14:55:37.362  INFO 1184 --- [restartedMain] org.apache.catalina.core.StandardEngine  : Starting Servlet Engine: Apache Tomcat/8.5.31
2018-06-12 14:55:37.470  INFO 1184 --- [localhost-startStop-1] o.a.c.c.C.[Tomcat].[localhost].[/]       : Initializing Spring embedded WebApplicationContext
2018-06-12 14:55:38.780  WARN 1184 --- [restartedMain] o.s.b.d.a.OptionalLiveReloadServer       : Unable to start LiveReload server
2018-06-12 14:55:38.862 ERROR 1184 --- [restartedMain] o.apache.catalina.core.StandardService   : Failed to start connector [Connector[HTTP/1.1-8080]]

org.apache.catalina.LifecycleException: Failed to start component [Connector[HTTP/1.1-8080]]
	at org.apache.catalina.util.LifecycleBase.start(LifecycleBase.java:167) ~[tomcat-embed-core-8.5.31.jar:8.5.31]
	at org.apache.catalina.core.StandardService.addConnector(StandardService.java:225) ~[tomcat-embed-core-8.5.31.jar:8.5.31]
	at org.springframework.boot.context.embedded.tomcat.TomcatEmbeddedServletContainer.addPreviouslyRemovedConnectors(TomcatEmbeddedServletContainer.java:265) [spring-boot-1.5.13.RELEASE.jar:1.5.13.RELEASE]
	at org.springframework.boot.context.embedded.tomcat.TomcatEmbeddedServletContainer.start(TomcatEmbeddedServletContainer.java:208) [spring-boot-1.5.13.RELEASE.jar:1.5.13.RELEASE]
	at org.springframework.boot.context.embedded.EmbeddedWebApplicationContext.startEmbeddedServletContainer(EmbeddedWebApplicationContext.java:297) [spring-boot-1.5.13.RELEASE.jar:1.5.13.RELEASE]
	at org.springframework.boot.context.embedded.EmbeddedWebApplicationContext.finishRefresh(EmbeddedWebApplicationContext.java:145) [spring-boot-1.5.13.RELEASE.jar:1.5.13.RELEASE]
	at org.springframework.context.support.AbstractApplicationContext.refresh(AbstractApplicationContext.java:546) [spring-context-4.3.17.RELEASE.jar:4.3.17.RELEASE]
	at org.springframework.boot.context.embedded.EmbeddedWebApplicationContext.refresh(EmbeddedWebApplicationContext.java:122) [spring-boot-1.5.13.RELEASE.jar:1.5.13.RELEASE]
	at org.springframework.boot.SpringApplication.refresh(SpringApplication.java:693) [spring-boot-1.5.13.RELEASE.jar:1.5.13.RELEASE]
	at org.springframework.boot.SpringApplication.refreshContext(SpringApplication.java:360) [spring-boot-1.5.13.RELEASE.jar:1.5.13.RELEASE]
	at org.springframework.boot.SpringApplication.run(SpringApplication.java:303) [spring-boot-1.5.13.RELEASE.jar:1.5.13.RELEASE]
	at org.springframework.boot.SpringApplication.run(SpringApplication.java:1118) [spring-boot-1.5.13.RELEASE.jar:1.5.13.RELEASE]
	at org.springframework.boot.SpringApplication.run(SpringApplication.java:1107) [spring-boot-1.5.13.RELEASE.jar:1.5.13.RELEASE]
	at it.nextre.academy.realspring.RealspringApplication.main(RealspringApplication.java:10) [classes/:na]
	at sun.reflect.NativeMethodAccessorImpl.invoke0(Native Method) ~[na:1.8.0_171]
	at sun.reflect.NativeMethodAccessorImpl.invoke(NativeMethodAccessorImpl.java:62) ~[na:1.8.0_171]
	at sun.reflect.DelegatingMethodAccessorImpl.invoke(DelegatingMethodAccessorImpl.java:43) ~[na:1.8.0_171]
	at java.lang.reflect.Method.invoke(Method.java:498) ~[na:1.8.0_171]
	at org.springframework.boot.devtools.restart.RestartLauncher.run(RestartLauncher.java:49) [spring-boot-devtools-1.5.13.RELEASE.jar:1.5.13.RELEASE]
Caused by: org.apache.catalina.LifecycleException: Protocol handler start failed
	at org.apache.catalina.connector.Connector.startInternal(Connector.java:1020) ~[tomcat-embed-core-8.5.31.jar:8.5.31]
	at org.apache.catalina.util.LifecycleBase.start(LifecycleBase.java:150) ~[tomcat-embed-core-8.5.31.jar:8.5.31]
	... 18 common frames omitted
Caused by: java.net.BindException: Address already in use: bind
	at sun.nio.ch.Net.bind0(Native Method) ~[na:1.8.0_171]
	at sun.nio.ch.Net.bind(Net.java:433) ~[na:1.8.0_171]
	at sun.nio.ch.Net.bind(Net.java:425) ~[na:1.8.0_171]
	at sun.nio.ch.ServerSocketChannelImpl.bind(ServerSocketChannelImpl.java:223) ~[na:1.8.0_171]
	at sun.nio.ch.ServerSocketAdaptor.bind(ServerSocketAdaptor.java:74) ~[na:1.8.0_171]
	at org.apache.tomcat.util.net.NioEndpoint.bind(NioEndpoint.java:210) ~[tomcat-embed-core-8.5.31.jar:8.5.31]
	at org.apache.tomcat.util.net.AbstractEndpoint.start(AbstractEndpoint.java:1150) ~[tomcat-embed-core-8.5.31.jar:8.5.31]
	at org.apache.coyote.AbstractProtocol.start(AbstractProtocol.java:591) ~[tomcat-embed-core-8.5.31.jar:8.5.31]
	at org.apache.catalina.connector.Connector.startInternal(Connector.java:1018) ~[tomcat-embed-core-8.5.31.jar:8.5.31]
	... 19 common frames omitted

2018-06-12 14:55:38.866  INFO 1184 --- [restartedMain] o.apache.catalina.core.StandardService   : Stopping service [Tomcat]
2018-06-12 14:55:38.891 ERROR 1184 --- [restartedMain] o.s.b.d.LoggingFailureAnalysisReporter   : 

***************************
APPLICATION FAILED TO START
***************************

Description:

The Tomcat connector configured to listen on port 8080 failed to start. The port may already be in use or the connector may be misconfigured.

Action:

Verify the connector's configuration, identify and stop any process that's listening on port 8080, or configure this application to listen on another port.

2018-06-12 15:06:16.354  INFO 15708 --- [restartedMain] i.n.a.realspring.RealspringApplication   : Starting RealspringApplication on DESKTOP-IOJ9II2 with PID 15708 (C:\Academy3\Pr046-realspring\target\classes started by Rivolta Fabio in C:\Academy3\Pr046-realspring)
2018-06-12 15:06:16.355 DEBUG 15708 --- [restartedMain] i.n.a.realspring.RealspringApplication   : Running with Spring Boot v1.5.13.RELEASE, Spring v4.3.17.RELEASE
2018-06-12 15:06:16.356  INFO 15708 --- [restartedMain] i.n.a.realspring.RealspringApplication   : No active profile set, falling back to default profiles: default
2018-06-12 15:06:17.260  INFO 8904 --- [restartedMain] i.n.a.realspring.RealspringApplication   : Starting RealspringApplication on DESKTOP-IOJ9II2 with PID 8904 (C:\Academy3\Pr046-realspring\target\classes started by Rivolta Fabio in C:\Academy3\Pr046-realspring)
2018-06-12 15:06:17.260 DEBUG 8904 --- [restartedMain] i.n.a.realspring.RealspringApplication   : Running with Spring Boot v1.5.13.RELEASE, Spring v4.3.17.RELEASE
2018-06-12 15:06:17.260  INFO 8904 --- [restartedMain] i.n.a.realspring.RealspringApplication   : No active profile set, falling back to default profiles: default
2018-06-12 15:06:19.082  INFO 8904 --- [restartedMain] o.apache.catalina.core.StandardService   : Starting service [Tomcat]
2018-06-12 15:06:19.083  INFO 8904 --- [restartedMain] org.apache.catalina.core.StandardEngine  : Starting Servlet Engine: Apache Tomcat/8.5.31
2018-06-12 15:06:19.106  INFO 8904 --- [localhost-startStop-1] o.a.c.c.C.[Tomcat].[localhost].[/]       : Initializing Spring embedded WebApplicationContext
2018-06-12 15:06:19.809  INFO 8904 --- [restartedMain] i.n.a.realspring.RealspringApplication   : Started RealspringApplication in 2.618 seconds (JVM running for 7636.597)
2018-06-12 15:06:20.380  INFO 15708 --- [restartedMain] o.apache.catalina.core.StandardService   : Starting service [Tomcat]
2018-06-12 15:06:20.382  INFO 15708 --- [restartedMain] org.apache.catalina.core.StandardEngine  : Starting Servlet Engine: Apache Tomcat/8.5.31
2018-06-12 15:06:20.487  INFO 15708 --- [localhost-startStop-1] o.a.c.c.C.[Tomcat].[localhost].[/]       : Initializing Spring embedded WebApplicationContext
2018-06-12 15:06:21.703  WARN 15708 --- [restartedMain] o.s.b.d.a.OptionalLiveReloadServer       : Unable to start LiveReload server
2018-06-12 15:06:21.769 ERROR 15708 --- [restartedMain] o.apache.catalina.core.StandardService   : Failed to start connector [Connector[HTTP/1.1-8080]]

org.apache.catalina.LifecycleException: Failed to start component [Connector[HTTP/1.1-8080]]
	at org.apache.catalina.util.LifecycleBase.start(LifecycleBase.java:167) ~[tomcat-embed-core-8.5.31.jar:8.5.31]
	at org.apache.catalina.core.StandardService.addConnector(StandardService.java:225) ~[tomcat-embed-core-8.5.31.jar:8.5.31]
	at org.springframework.boot.context.embedded.tomcat.TomcatEmbeddedServletContainer.addPreviouslyRemovedConnectors(TomcatEmbeddedServletContainer.java:265) [spring-boot-1.5.13.RELEASE.jar:1.5.13.RELEASE]
	at org.springframework.boot.context.embedded.tomcat.TomcatEmbeddedServletContainer.start(TomcatEmbeddedServletContainer.java:208) [spring-boot-1.5.13.RELEASE.jar:1.5.13.RELEASE]
	at org.springframework.boot.context.embedded.EmbeddedWebApplicationContext.startEmbeddedServletContainer(EmbeddedWebApplicationContext.java:297) [spring-boot-1.5.13.RELEASE.jar:1.5.13.RELEASE]
	at org.springframework.boot.context.embedded.EmbeddedWebApplicationContext.finishRefresh(EmbeddedWebApplicationContext.java:145) [spring-boot-1.5.13.RELEASE.jar:1.5.13.RELEASE]
	at org.springframework.context.support.AbstractApplicationContext.refresh(AbstractApplicationContext.java:546) [spring-context-4.3.17.RELEASE.jar:4.3.17.RELEASE]
	at org.springframework.boot.context.embedded.EmbeddedWebApplicationContext.refresh(EmbeddedWebApplicationContext.java:122) [spring-boot-1.5.13.RELEASE.jar:1.5.13.RELEASE]
	at org.springframework.boot.SpringApplication.refresh(SpringApplication.java:693) [spring-boot-1.5.13.RELEASE.jar:1.5.13.RELEASE]
	at org.springframework.boot.SpringApplication.refreshContext(SpringApplication.java:360) [spring-boot-1.5.13.RELEASE.jar:1.5.13.RELEASE]
	at org.springframework.boot.SpringApplication.run(SpringApplication.java:303) [spring-boot-1.5.13.RELEASE.jar:1.5.13.RELEASE]
	at org.springframework.boot.SpringApplication.run(SpringApplication.java:1118) [spring-boot-1.5.13.RELEASE.jar:1.5.13.RELEASE]
	at org.springframework.boot.SpringApplication.run(SpringApplication.java:1107) [spring-boot-1.5.13.RELEASE.jar:1.5.13.RELEASE]
	at it.nextre.academy.realspring.RealspringApplication.main(RealspringApplication.java:10) [classes/:na]
	at sun.reflect.NativeMethodAccessorImpl.invoke0(Native Method) ~[na:1.8.0_171]
	at sun.reflect.NativeMethodAccessorImpl.invoke(NativeMethodAccessorImpl.java:62) ~[na:1.8.0_171]
	at sun.reflect.DelegatingMethodAccessorImpl.invoke(DelegatingMethodAccessorImpl.java:43) ~[na:1.8.0_171]
	at java.lang.reflect.Method.invoke(Method.java:498) ~[na:1.8.0_171]
	at org.springframework.boot.devtools.restart.RestartLauncher.run(RestartLauncher.java:49) [spring-boot-devtools-1.5.13.RELEASE.jar:1.5.13.RELEASE]
Caused by: org.apache.catalina.LifecycleException: Protocol handler start failed
	at org.apache.catalina.connector.Connector.startInternal(Connector.java:1020) ~[tomcat-embed-core-8.5.31.jar:8.5.31]
	at org.apache.catalina.util.LifecycleBase.start(LifecycleBase.java:150) ~[tomcat-embed-core-8.5.31.jar:8.5.31]
	... 18 common frames omitted
Caused by: java.net.BindException: Address already in use: bind
	at sun.nio.ch.Net.bind0(Native Method) ~[na:1.8.0_171]
	at sun.nio.ch.Net.bind(Net.java:433) ~[na:1.8.0_171]
	at sun.nio.ch.Net.bind(Net.java:425) ~[na:1.8.0_171]
	at sun.nio.ch.ServerSocketChannelImpl.bind(ServerSocketChannelImpl.java:223) ~[na:1.8.0_171]
	at sun.nio.ch.ServerSocketAdaptor.bind(ServerSocketAdaptor.java:74) ~[na:1.8.0_171]
	at org.apache.tomcat.util.net.NioEndpoint.bind(NioEndpoint.java:210) ~[tomcat-embed-core-8.5.31.jar:8.5.31]
	at org.apache.tomcat.util.net.AbstractEndpoint.start(AbstractEndpoint.java:1150) ~[tomcat-embed-core-8.5.31.jar:8.5.31]
	at org.apache.coyote.AbstractProtocol.start(AbstractProtocol.java:591) ~[tomcat-embed-core-8.5.31.jar:8.5.31]
	at org.apache.catalina.connector.Connector.startInternal(Connector.java:1018) ~[tomcat-embed-core-8.5.31.jar:8.5.31]
	... 19 common frames omitted

2018-06-12 15:06:21.773  INFO 15708 --- [restartedMain] o.apache.catalina.core.StandardService   : Stopping service [Tomcat]
2018-06-12 15:06:21.790 ERROR 15708 --- [restartedMain] o.s.b.d.LoggingFailureAnalysisReporter   : 

***************************
APPLICATION FAILED TO START
***************************

Description:

The Tomcat connector configured to listen on port 8080 failed to start. The port may already be in use or the connector may be misconfigured.

Action:

Verify the connector's configuration, identify and stop any process that's listening on port 8080, or configure this application to listen on another port.

2018-06-12 15:07:44.327  INFO 18084 --- [restartedMain] i.n.a.realspring.RealspringApplication   : Starting RealspringApplication on DESKTOP-IOJ9II2 with PID 18084 (C:\Academy3\Pr046-realspring\target\classes started by Rivolta Fabio in C:\Academy3\Pr046-realspring)
2018-06-12 15:07:44.328 DEBUG 18084 --- [restartedMain] i.n.a.realspring.RealspringApplication   : Running with Spring Boot v1.5.13.RELEASE, Spring v4.3.17.RELEASE
2018-06-12 15:07:44.328  INFO 18084 --- [restartedMain] i.n.a.realspring.RealspringApplication   : No active profile set, falling back to default profiles: default
2018-06-12 15:07:46.604  INFO 18084 --- [restartedMain] o.apache.catalina.core.StandardService   : Starting service [Tomcat]
2018-06-12 15:07:46.605  INFO 18084 --- [restartedMain] org.apache.catalina.core.StandardEngine  : Starting Servlet Engine: Apache Tomcat/8.5.31
2018-06-12 15:07:46.726  INFO 18084 --- [localhost-startStop-1] o.a.c.c.C.[Tomcat].[localhost].[/]       : Initializing Spring embedded WebApplicationContext
2018-06-12 15:07:48.111  INFO 18084 --- [restartedMain] i.n.a.realspring.RealspringApplication   : Started RealspringApplication in 4.077 seconds (JVM running for 4.787)
2018-06-12 15:18:33.478  INFO 3128 --- [restartedMain] i.n.a.realspring.RealspringApplication   : Starting RealspringApplication on DESKTOP-IOJ9II2 with PID 3128 (C:\Academy3\Pr046-realspring\target\classes started by Rivolta Fabio in C:\Academy3\Pr046-realspring)
2018-06-12 15:18:33.479 DEBUG 3128 --- [restartedMain] i.n.a.realspring.RealspringApplication   : Running with Spring Boot v1.5.13.RELEASE, Spring v4.3.17.RELEASE
2018-06-12 15:18:33.479  INFO 3128 --- [restartedMain] i.n.a.realspring.RealspringApplication   : No active profile set, falling back to default profiles: default
2018-06-12 15:18:35.308  INFO 3128 --- [restartedMain] o.apache.catalina.core.StandardService   : Starting service [Tomcat]
2018-06-12 15:18:35.309  INFO 3128 --- [restartedMain] org.apache.catalina.core.StandardEngine  : Starting Servlet Engine: Apache Tomcat/8.5.31
2018-06-12 15:18:35.401  INFO 3128 --- [localhost-startStop-1] o.a.c.c.C.[Tomcat].[localhost].[/]       : Initializing Spring embedded WebApplicationContext
2018-06-12 15:18:36.755  INFO 3128 --- [restartedMain] i.n.a.realspring.RealspringApplication   : Started RealspringApplication in 4.791 seconds (JVM running for 7.8)
2018-06-13 10:22:44.697  INFO 6368 --- [restartedMain] i.n.a.realspring.RealspringApplication   : Starting RealspringApplication on DESKTOP-IOJ9II2 with PID 6368 (C:\Academy3\Pr046-realspring\target\classes started by Rivolta Fabio in C:\Academy3\Pr046-realspring)
2018-06-13 10:22:44.698 DEBUG 6368 --- [restartedMain] i.n.a.realspring.RealspringApplication   : Running with Spring Boot v1.5.13.RELEASE, Spring v4.3.17.RELEASE
2018-06-13 10:22:44.699  INFO 6368 --- [restartedMain] i.n.a.realspring.RealspringApplication   : No active profile set, falling back to default profiles: default
2018-06-13 10:22:47.210  INFO 6368 --- [restartedMain] o.apache.catalina.core.StandardService   : Starting service [Tomcat]
2018-06-13 10:22:47.211  INFO 6368 --- [restartedMain] org.apache.catalina.core.StandardEngine  : Starting Servlet Engine: Apache Tomcat/8.5.31
2018-06-13 10:22:47.337  INFO 6368 --- [localhost-startStop-1] o.a.c.c.C.[Tomcat].[localhost].[/]       : Initializing Spring embedded WebApplicationContext
2018-06-13 10:22:48.797  INFO 6368 --- [restartedMain] i.n.a.realspring.RealspringApplication   : Started RealspringApplication in 4.384 seconds (JVM running for 4.952)
2018-06-13 10:25:25.183  INFO 6368 --- [http-nio-8080-exec-1] o.a.c.c.C.[Tomcat].[localhost].[/]       : Initializing Spring FrameworkServlet 'dispatcherServlet'
2018-06-13 10:25:25.265 DEBUG 6368 --- [http-nio-8080-exec-1] i.n.a.r.controllers.FilmController       : getAll Film called
2018-06-13 10:25:25.266 DEBUG 6368 --- [http-nio-8080-exec-1] i.n.a.r.controllers.FilmController       : FilmService -> getAll() called
2018-06-13 10:30:25.026  WARN 6368 --- [http-nio-8080-exec-5] o.s.web.servlet.PageNotFound             : Request method 'POST' not supported
2018-06-13 10:30:25.028  WARN 6368 --- [http-nio-8080-exec-5] .w.s.m.s.DefaultHandlerExceptionResolver : Resolved exception caused by Handler execution: org.springframework.web.HttpRequestMethodNotSupportedException: Request method 'POST' not supported
2018-06-13 10:31:45.474  WARN 6368 --- [http-nio-8080-exec-8] o.s.web.servlet.PageNotFound             : Request method 'POST' not supported
2018-06-13 10:31:45.475  WARN 6368 --- [http-nio-8080-exec-8] .w.s.m.s.DefaultHandlerExceptionResolver : Resolved exception caused by Handler execution: org.springframework.web.HttpRequestMethodNotSupportedException: Request method 'POST' not supported
2018-06-13 10:31:51.066  WARN 6368 --- [http-nio-8080-exec-9] o.s.web.servlet.PageNotFound             : Request method 'POST' not supported
2018-06-13 10:31:51.067  WARN 6368 --- [http-nio-8080-exec-9] .w.s.m.s.DefaultHandlerExceptionResolver : Resolved exception caused by Handler execution: org.springframework.web.HttpRequestMethodNotSupportedException: Request method 'POST' not supported
2018-06-13 10:31:59.183  WARN 6368 --- [http-nio-8080-exec-10] o.s.web.servlet.PageNotFound             : Request method 'POST' not supported
2018-06-13 10:31:59.184  WARN 6368 --- [http-nio-8080-exec-10] .w.s.m.s.DefaultHandlerExceptionResolver : Resolved exception caused by Handler execution: org.springframework.web.HttpRequestMethodNotSupportedException: Request method 'POST' not supported
2018-06-13 10:32:14.043 DEBUG 6368 --- [http-nio-8080-exec-2] i.n.a.r.controllers.FilmController       : getFilmById Film called
2018-06-13 10:32:14.044 DEBUG 6368 --- [http-nio-8080-exec-2] i.n.a.r.controllers.FilmController       : FilmService -> findById() called with id: 2
2018-06-13 10:34:36.161 DEBUG 6368 --- [http-nio-8080-exec-4] i.n.a.r.controllers.FilmController       : addFilm() called with film: Film(id=0, titolo=null, regista=null, anno=0)
2018-06-13 10:39:54.379  INFO 16656 --- [restartedMain] i.n.a.realspring.RealspringApplication   : Starting RealspringApplication on DESKTOP-IOJ9II2 with PID 16656 (C:\Academy3\Pr046-realspring\target\classes started by Rivolta Fabio in C:\Academy3\Pr046-realspring)
2018-06-13 10:39:54.379 DEBUG 16656 --- [restartedMain] i.n.a.realspring.RealspringApplication   : Running with Spring Boot v1.5.13.RELEASE, Spring v4.3.17.RELEASE
2018-06-13 10:39:54.380  INFO 16656 --- [restartedMain] i.n.a.realspring.RealspringApplication   : No active profile set, falling back to default profiles: default
2018-06-13 10:39:56.763  INFO 16656 --- [restartedMain] o.apache.catalina.core.StandardService   : Starting service [Tomcat]
2018-06-13 10:39:56.765  INFO 16656 --- [restartedMain] org.apache.catalina.core.StandardEngine  : Starting Servlet Engine: Apache Tomcat/8.5.31
2018-06-13 10:39:56.892  INFO 16656 --- [localhost-startStop-1] o.a.c.c.C.[Tomcat].[localhost].[/]       : Initializing Spring embedded WebApplicationContext
2018-06-13 10:39:58.275  INFO 16656 --- [restartedMain] i.n.a.realspring.RealspringApplication   : Started RealspringApplication in 4.172 seconds (JVM running for 4.693)
2018-06-13 10:40:26.553  INFO 16656 --- [http-nio-8080-exec-2] o.a.c.c.C.[Tomcat].[localhost].[/]       : Initializing Spring FrameworkServlet 'dispatcherServlet'
2018-06-13 10:40:26.630 DEBUG 16656 --- [http-nio-8080-exec-2] i.n.a.r.controllers.FilmController       : addFilm() called with film: Film(id=0, titolo=null, regista=null, anno=0)
2018-06-13 10:42:46.197 DEBUG 16656 --- [http-nio-8080-exec-5] i.n.a.r.controllers.FilmController       : addFilm() called with film: Film(id=0, titolo=null, regista=null, anno=0)
2018-06-13 10:47:53.104  INFO 18536 --- [restartedMain] i.n.a.realspring.RealspringApplication   : Starting RealspringApplication on DESKTOP-IOJ9II2 with PID 18536 (C:\Academy3\Pr046-realspring\target\classes started by Rivolta Fabio in C:\Academy3\Pr046-realspring)
2018-06-13 10:47:53.105 DEBUG 18536 --- [restartedMain] i.n.a.realspring.RealspringApplication   : Running with Spring Boot v1.5.13.RELEASE, Spring v4.3.17.RELEASE
2018-06-13 10:47:53.105  INFO 18536 --- [restartedMain] i.n.a.realspring.RealspringApplication   : No active profile set, falling back to default profiles: default
2018-06-13 10:47:55.380  INFO 18536 --- [restartedMain] o.apache.catalina.core.StandardService   : Starting service [Tomcat]
2018-06-13 10:47:55.381  INFO 18536 --- [restartedMain] org.apache.catalina.core.StandardEngine  : Starting Servlet Engine: Apache Tomcat/8.5.31
2018-06-13 10:47:55.500  INFO 18536 --- [localhost-startStop-1] o.a.c.c.C.[Tomcat].[localhost].[/]       : Initializing Spring embedded WebApplicationContext
2018-06-13 10:47:56.896  INFO 18536 --- [restartedMain] i.n.a.realspring.RealspringApplication   : Started RealspringApplication in 4.063 seconds (JVM running for 4.657)
2018-06-13 10:48:13.877  INFO 18536 --- [http-nio-8080-exec-2] o.a.c.c.C.[Tomcat].[localhost].[/]       : Initializing Spring FrameworkServlet 'dispatcherServlet'
2018-06-13 10:48:13.997 DEBUG 18536 --- [http-nio-8080-exec-2] i.n.a.r.controllers.FilmController       : addFilm() called with film: Film(id=0, titolo=lorem ipsum, regista=nextre, anno=2018)
2018-06-13 10:49:13.672 DEBUG 18536 --- [http-nio-8080-exec-3] i.n.a.r.controllers.FilmController       : getAll Film called
2018-06-13 10:49:13.673 DEBUG 18536 --- [http-nio-8080-exec-3] i.n.a.r.controllers.FilmController       : FilmService -> getAll() called
2018-06-13 11:13:15.144  INFO 6780 --- [restartedMain] i.n.a.realspring.RealspringApplication   : Starting RealspringApplication on DESKTOP-IOJ9II2 with PID 6780 (C:\Academy3\Pr046-realspring\target\classes started by Rivolta Fabio in C:\Academy3\Pr046-realspring)
2018-06-13 11:13:15.146 DEBUG 6780 --- [restartedMain] i.n.a.realspring.RealspringApplication   : Running with Spring Boot v1.5.13.RELEASE, Spring v4.3.17.RELEASE
2018-06-13 11:13:15.146  INFO 6780 --- [restartedMain] i.n.a.realspring.RealspringApplication   : No active profile set, falling back to default profiles: default
2018-06-13 11:13:17.629  INFO 6780 --- [restartedMain] o.apache.catalina.core.StandardService   : Starting service [Tomcat]
2018-06-13 11:13:17.630  INFO 6780 --- [restartedMain] org.apache.catalina.core.StandardEngine  : Starting Servlet Engine: Apache Tomcat/8.5.31
2018-06-13 11:13:17.749  INFO 6780 --- [localhost-startStop-1] o.a.c.c.C.[Tomcat].[localhost].[/]       : Initializing Spring embedded WebApplicationContext
2018-06-13 11:13:19.300  INFO 6780 --- [restartedMain] i.n.a.realspring.RealspringApplication   : Started RealspringApplication in 4.464 seconds (JVM running for 5.093)
2018-06-13 11:15:12.690  INFO 6780 --- [http-nio-8080-exec-2] o.a.c.c.C.[Tomcat].[localhost].[/]       : Initializing Spring FrameworkServlet 'dispatcherServlet'
2018-06-13 11:15:35.648 DEBUG 6780 --- [http-nio-8080-exec-3] i.n.a.r.controllers.FilmController       : getFilmById Film called
2018-06-13 11:15:35.651 DEBUG 6780 --- [http-nio-8080-exec-3] i.n.a.r.controllers.FilmController       : FilmService -> findById() called with id: 1
2018-06-13 11:15:51.815 DEBUG 6780 --- [http-nio-8080-exec-4] i.n.a.r.controllers.FilmController       : getFilmById Film called
2018-06-13 11:15:51.817 DEBUG 6780 --- [http-nio-8080-exec-4] i.n.a.r.controllers.FilmController       : FilmService -> findById() called with id: 1
2018-06-13 11:16:27.016  WARN 6780 --- [http-nio-8080-exec-5] .w.s.m.s.DefaultHandlerExceptionResolver : Failed to read HTTP message: org.springframework.http.converter.HttpMessageNotReadableException: JSON parse error: Unexpected character ('=' (code 61)): was expecting a colon to separate field name and value; nested exception is com.fasterxml.jackson.core.JsonParseException: Unexpected character ('=' (code 61)): was expecting a colon to separate field name and value
 at [Source: java.io.PushbackInputStream@46b08c80; line: 2, column: 7]
2018-06-13 11:16:27.019  WARN 6780 --- [http-nio-8080-exec-5] .w.s.m.s.DefaultHandlerExceptionResolver : Resolved exception caused by Handler execution: org.springframework.http.converter.HttpMessageNotReadableException: JSON parse error: Unexpected character ('=' (code 61)): was expecting a colon to separate field name and value; nested exception is com.fasterxml.jackson.core.JsonParseException: Unexpected character ('=' (code 61)): was expecting a colon to separate field name and value
 at [Source: java.io.PushbackInputStream@46b08c80; line: 2, column: 7]
2018-06-13 11:16:37.488  WARN 6780 --- [http-nio-8080-exec-7] o.s.web.servlet.PageNotFound             : Request method 'POST' not supported
2018-06-13 11:16:37.490  WARN 6780 --- [http-nio-8080-exec-7] .w.s.m.s.DefaultHandlerExceptionResolver : Resolved exception caused by Handler execution: org.springframework.web.HttpRequestMethodNotSupportedException: Request method 'POST' not supported
2018-06-13 11:17:01.149  WARN 6780 --- [http-nio-8080-exec-8] .w.s.m.s.DefaultHandlerExceptionResolver : Failed to read HTTP message: org.springframework.http.converter.HttpMessageNotReadableException: JSON parse error: Unexpected character ('=' (code 61)): was expecting a colon to separate field name and value; nested exception is com.fasterxml.jackson.core.JsonParseException: Unexpected character ('=' (code 61)): was expecting a colon to separate field name and value
 at [Source: java.io.PushbackInputStream@43714ddb; line: 2, column: 7]
2018-06-13 11:17:01.150  WARN 6780 --- [http-nio-8080-exec-8] .w.s.m.s.DefaultHandlerExceptionResolver : Resolved exception caused by Handler execution: org.springframework.http.converter.HttpMessageNotReadableException: JSON parse error: Unexpected character ('=' (code 61)): was expecting a colon to separate field name and value; nested exception is com.fasterxml.jackson.core.JsonParseException: Unexpected character ('=' (code 61)): was expecting a colon to separate field name and value
 at [Source: java.io.PushbackInputStream@43714ddb; line: 2, column: 7]
2018-06-13 11:17:46.787 DEBUG 6780 --- [http-nio-8080-exec-10] i.n.a.r.controllers.FilmController       : updateFilm() called with film: Film(id=1, titolo=400, regista=boooh, anno=0) and id: 1
2018-06-13 11:17:46.804 DEBUG 6780 --- [http-nio-8080-exec-10] i.n.a.r.controllers.FilmController       : Film(id=1, titolo=400, regista=boooh, anno=0)
2018-06-13 11:17:54.196 DEBUG 6780 --- [http-nio-8080-exec-1] i.n.a.r.controllers.FilmController       : getFilmById Film called
2018-06-13 11:17:54.197 DEBUG 6780 --- [http-nio-8080-exec-1] i.n.a.r.controllers.FilmController       : FilmService -> findById() called with id: 1
2018-06-13 11:18:00.147 DEBUG 6780 --- [http-nio-8080-exec-2] i.n.a.r.controllers.FilmController       : getAll Film called
2018-06-13 11:18:00.148 DEBUG 6780 --- [http-nio-8080-exec-2] i.n.a.r.controllers.FilmController       : FilmService -> getAll() called
2018-06-13 12:04:19.137  INFO 2988 --- [restartedMain] i.n.a.realspring.RealspringApplication   : Starting RealspringApplication on DESKTOP-IOJ9II2 with PID 2988 (C:\Academy3\Pr046-realspring\target\classes started by Rivolta Fabio in C:\Academy3\Pr046-realspring)
2018-06-13 12:04:19.138 DEBUG 2988 --- [restartedMain] i.n.a.realspring.RealspringApplication   : Running with Spring Boot v1.5.13.RELEASE, Spring v4.3.17.RELEASE
2018-06-13 12:04:19.138  INFO 2988 --- [restartedMain] i.n.a.realspring.RealspringApplication   : No active profile set, falling back to default profiles: default
2018-06-13 12:04:21.449  INFO 2988 --- [restartedMain] o.apache.catalina.core.StandardService   : Starting service [Tomcat]
2018-06-13 12:04:21.451  INFO 2988 --- [restartedMain] org.apache.catalina.core.StandardEngine  : Starting Servlet Engine: Apache Tomcat/8.5.31
2018-06-13 12:04:21.559  INFO 2988 --- [localhost-startStop-1] o.a.c.c.C.[Tomcat].[localhost].[/]       : Initializing Spring embedded WebApplicationContext
2018-06-13 12:04:22.822  INFO 2988 --- [restartedMain] i.n.a.realspring.RealspringApplication   : Started RealspringApplication in 3.949 seconds (JVM running for 4.54)
2018-06-13 12:04:56.469  INFO 2988 --- [http-nio-8080-exec-1] o.a.c.c.C.[Tomcat].[localhost].[/]       : Initializing Spring FrameworkServlet 'dispatcherServlet'
2018-06-13 12:04:56.568  WARN 2988 --- [http-nio-8080-exec-1] .w.s.m.s.DefaultHandlerExceptionResolver : Failed to read HTTP message: org.springframework.http.converter.HttpMessageNotReadableException: Required request body is missing: public boolean it.nextre.academy.realspring.controllers.FilmController.deleteFilm(it.nextre.academy.realspring.models.Film,long)
2018-06-13 12:04:56.571  WARN 2988 --- [http-nio-8080-exec-1] .w.s.m.s.DefaultHandlerExceptionResolver : Resolved exception caused by Handler execution: org.springframework.http.converter.HttpMessageNotReadableException: Required request body is missing: public boolean it.nextre.academy.realspring.controllers.FilmController.deleteFilm(it.nextre.academy.realspring.models.Film,long)
2018-06-13 12:06:39.807  WARN 2988 --- [http-nio-8080-exec-4] .w.s.m.s.DefaultHandlerExceptionResolver : Failed to read HTTP message: org.springframework.http.converter.HttpMessageNotReadableException: JSON parse error: Unexpected character ('"' (code 34)): was expecting comma to separate Object entries; nested exception is com.fasterxml.jackson.core.JsonParseException: Unexpected character ('"' (code 34)): was expecting comma to separate Object entries
 at [Source: java.io.PushbackInputStream@77618fd6; line: 3, column: 3]
2018-06-13 12:06:39.808  WARN 2988 --- [http-nio-8080-exec-4] .w.s.m.s.DefaultHandlerExceptionResolver : Resolved exception caused by Handler execution: org.springframework.http.converter.HttpMessageNotReadableException: JSON parse error: Unexpected character ('"' (code 34)): was expecting comma to separate Object entries; nested exception is com.fasterxml.jackson.core.JsonParseException: Unexpected character ('"' (code 34)): was expecting comma to separate Object entries
 at [Source: java.io.PushbackInputStream@77618fd6; line: 3, column: 3]
2018-06-13 12:07:12.268  WARN 2988 --- [http-nio-8080-exec-5] .w.s.m.s.DefaultHandlerExceptionResolver : Failed to read HTTP message: org.springframework.http.converter.HttpMessageNotReadableException: JSON parse error: Unexpected character ('"' (code 34)): was expecting comma to separate Object entries; nested exception is com.fasterxml.jackson.core.JsonParseException: Unexpected character ('"' (code 34)): was expecting comma to separate Object entries
 at [Source: java.io.PushbackInputStream@75da00ab; line: 3, column: 3]
2018-06-13 12:07:12.270  WARN 2988 --- [http-nio-8080-exec-5] .w.s.m.s.DefaultHandlerExceptionResolver : Resolved exception caused by Handler execution: org.springframework.http.converter.HttpMessageNotReadableException: JSON parse error: Unexpected character ('"' (code 34)): was expecting comma to separate Object entries; nested exception is com.fasterxml.jackson.core.JsonParseException: Unexpected character ('"' (code 34)): was expecting comma to separate Object entries
 at [Source: java.io.PushbackInputStream@75da00ab; line: 3, column: 3]
2018-06-13 12:07:22.287  WARN 2988 --- [http-nio-8080-exec-8] .w.s.m.s.DefaultHandlerExceptionResolver : Failed to read HTTP message: org.springframework.http.converter.HttpMessageNotReadableException: JSON parse error: Unexpected character ('"' (code 34)): was expecting comma to separate Object entries; nested exception is com.fasterxml.jackson.core.JsonParseException: Unexpected character ('"' (code 34)): was expecting comma to separate Object entries
 at [Source: java.io.PushbackInputStream@119c0100; line: 3, column: 3]
2018-06-13 12:07:22.289  WARN 2988 --- [http-nio-8080-exec-8] .w.s.m.s.DefaultHandlerExceptionResolver : Resolved exception caused by Handler execution: org.springframework.http.converter.HttpMessageNotReadableException: JSON parse error: Unexpected character ('"' (code 34)): was expecting comma to separate Object entries; nested exception is com.fasterxml.jackson.core.JsonParseException: Unexpected character ('"' (code 34)): was expecting comma to separate Object entries
 at [Source: java.io.PushbackInputStream@119c0100; line: 3, column: 3]
2018-06-13 12:07:47.237 DEBUG 2988 --- [http-nio-8080-exec-9] i.n.a.r.controllers.FilmController       : deleteFilm() called with film: Film(id=10, titolo=400, regista=boooh, anno=0) and id: 10
2018-06-13 12:07:47.238 DEBUG 2988 --- [http-nio-8080-exec-9] i.n.a.r.controllers.FilmController       : FilmService -> delete() called with film: Film(id=10, titolo=400, regista=boooh, anno=0)
2018-06-13 12:08:00.833  WARN 2988 --- [http-nio-8080-exec-2] o.s.web.servlet.PageNotFound             : Request method 'PUT' not supported
2018-06-13 12:08:00.834  WARN 2988 --- [http-nio-8080-exec-2] .w.s.m.s.DefaultHandlerExceptionResolver : Resolved exception caused by Handler execution: org.springframework.web.HttpRequestMethodNotSupportedException: Request method 'PUT' not supported
2018-06-13 12:08:10.706 DEBUG 2988 --- [http-nio-8080-exec-1] i.n.a.r.controllers.FilmController       : updateFilm() called with film: Film(id=10, titolo=400, regista=boooh, anno=0) and id: 10
2018-06-13 12:08:20.914 DEBUG 2988 --- [http-nio-8080-exec-3] i.n.a.r.controllers.FilmController       : deleteFilm() called with film: Film(id=10, titolo=400, regista=boooh, anno=0) and id: 10
2018-06-13 12:08:20.916 DEBUG 2988 --- [http-nio-8080-exec-3] i.n.a.r.controllers.FilmController       : FilmService -> delete() called with film: Film(id=10, titolo=400, regista=boooh, anno=0)
2018-06-13 12:10:04.801 DEBUG 2988 --- [http-nio-8080-exec-5] i.n.a.r.controllers.FilmController       : getAll Film called
2018-06-13 12:10:04.802 DEBUG 2988 --- [http-nio-8080-exec-5] i.n.a.r.controllers.FilmController       : FilmService -> getAll() called
